<?xml version="1.0" encoding="UTF-8"?>
<!-- Generated by org.testng.reporters.JUnitReportReporter -->
<testsuite skipped="0" hostname="Amar" name="pac.Data_Provider" tests="3" failures="0" timestamp="07 Apr 2021 05:28:55 GMT" time="0.062" errors="0">
  <testcase name="testcity" time="0.010" classname="pac.Data_Provider"/>
  <testcase name="testcity" time="0.034" classname="pac.Data_Provider"/>
  <testcase name="testcity" time="0.018" classname="pac.Data_Provider"/>
</testsuite> <!-- pac.Data_Provider -->
