<?xml version="1.0" encoding="UTF-8"?>
<!-- Generated by org.testng.reporters.JUnitReportReporter -->
<testsuite skipped="0" hostname="Amar" name="sdet12.Data_Provider1" tests="5" failures="0" timestamp="07 Apr 2021 11:42:05 GMT" time="0.162" errors="0">
  <testcase name="testcity1" time="0.014" classname="sdet12.Data_Provider1"/>
  <testcase name="testcity1" time="0.017" classname="sdet12.Data_Provider1"/>
  <testcase name="testcity1" time="0.099" classname="sdet12.Data_Provider1"/>
  <testcase name="testcity1" time="0.015" classname="sdet12.Data_Provider1"/>
  <testcase name="testcity1" time="0.017" classname="sdet12.Data_Provider1"/>
</testsuite> <!-- sdet12.Data_Provider1 -->
